<?xml version="1.0" encoding="UTF-8"?>
<testng-results ignored="0" total="1" passed="1" failed="0" skipped="0">
  <reporter-output>
  </reporter-output>
  <suite started-at="2026-06-17T09:05:58 IST" name="Suite" finished-at="2026-06-17T09:06:05 IST" duration-ms="6517">
    <groups>
      <group name="Master">
        <method signature="TC_02.login_verify()[pri:0, instance:testCases.TC_02@5c909414]" name="login_verify" class="testCases.TC_02"/>
      </group> <!-- Master -->
      <group name="Sanity">
        <method signature="TC_02.login_verify()[pri:0, instance:testCases.TC_02@5c909414]" name="login_verify" class="testCases.TC_02"/>
      </group> <!-- Sanity -->
    </groups>
    <test started-at="2026-06-17T09:05:58 IST" name="Test" finished-at="2026-06-17T09:06:05 IST" duration-ms="6517">
      <class name="testCases.TC_02">
        <test-method is-config="true" signature="setup(java.lang.String,java.lang.String)[pri:0, instance:testCases.TC_02@5c909414]" started-at="2026-06-17T09:05:59 IST" name="setup" finished-at="2026-06-17T09:06:02 IST" duration-ms="3368" status="PASS">
          <params>
            <param index="0">
              <value>
                <![CDATA[windows]]>
              </value>
            </param>
            <param index="1">
              <value>
                <![CDATA[chrome]]>
              </value>
            </param>
          </params>
          <reporter-output>
          </reporter-output>
        </test-method> <!-- setup -->
        <test-method signature="login_verify()[pri:0, instance:testCases.TC_02@5c909414]" started-at="2026-06-17T09:06:02 IST" name="login_verify" finished-at="2026-06-17T09:06:05 IST" duration-ms="2593" status="PASS">
          <reporter-output>
          </reporter-output>
        </test-method> <!-- login_verify -->
        <test-method is-config="true" signature="tairdown()[pri:0, instance:testCases.TC_02@5c909414]" started-at="2026-06-17T09:06:05 IST" name="tairdown" finished-at="2026-06-17T09:06:05 IST" duration-ms="274" status="PASS">
          <reporter-output>
          </reporter-output>
        </test-method> <!-- tairdown -->
      </class> <!-- testCases.TC_02 -->
    </test> <!-- Test -->
  </suite> <!-- Suite -->
</testng-results>
